<?xml version="1.0" encoding="utf-8"?><testsuites name="pytest tests"><testsuite name="pytest" errors="0" failures="0" skipped="0" tests="11" time="3.561" timestamp="2026-04-23T12:23:20.748120+00:00" hostname="agent-env-1cb429a2-3440-4041-986e-20bc4a300308"><testcase classname="backend.tests.backend_test" name="test_health" time="0.245" /><testcase classname="backend.tests.backend_test" name="test_login_wrong_password" time="0.281" /><testcase classname="backend.tests.backend_test" name="test_login_cookies_and_token" time="0.332" /><testcase classname="backend.tests.backend_test" name="test_me_without_token" time="0.130" /><testcase classname="backend.tests.backend_test" name="test_me_with_bearer" time="0.410" /><testcase classname="backend.tests.backend_test" name="test_list_products" time="0.054" /><testcase classname="backend.tests.backend_test" name="test_list_tags" time="0.051" /><testcase classname="backend.tests.backend_test" name="test_list_categories" time="0.050" /><testcase classname="backend.tests.backend_test" name="test_tag_crud" time="0.576" /><testcase classname="backend.tests.backend_test" name="test_product_crud" time="0.762" /><testcase classname="backend.tests.backend_test" name="test_upload_and_fetch" time="0.585" /></testsuite></testsuites>