<?xml version="1.0" encoding="utf-8"?><testsuites name="pytest tests"><testsuite name="pytest" errors="0" failures="0" skipped="0" tests="35" time="148.093" timestamp="2026-05-06T19:00:24.586879+00:00" hostname="agent-env-1cb429a2-3440-4041-986e-20bc4a300308"><testcase classname="backend.tests.backend_test" name="test_health" time="0.165" /><testcase classname="backend.tests.backend_test" name="test_login_wrong_password" time="0.303" /><testcase classname="backend.tests.backend_test" name="test_login_cookies_and_token" time="0.361" /><testcase classname="backend.tests.backend_test" name="test_me_without_token" time="0.176" /><testcase classname="backend.tests.backend_test" name="test_me_with_bearer" time="0.452" /><testcase classname="backend.tests.backend_test" name="test_list_products" time="0.075" /><testcase classname="backend.tests.backend_test" name="test_list_tags" time="0.087" /><testcase classname="backend.tests.backend_test" name="test_list_categories" time="0.083" /><testcase classname="backend.tests.backend_test" name="test_tag_crud" time="0.725" /><testcase classname="backend.tests.backend_test" name="test_product_crud" time="0.880" /><testcase classname="backend.tests.backend_test" name="test_upload_and_fetch" time="0.680" /><testcase classname="backend.tests.test_v2" name="test_store_get_public" time="0.128" /><testcase classname="backend.tests.test_v2" name="test_store_update_admin" time="0.514" /><testcase classname="backend.tests.test_v2" name="test_store_update_unauth" time="0.127" /><testcase classname="backend.tests.test_v2" name="test_menus_list_public" time="0.152" /><testcase classname="backend.tests.test_v2" name="test_menus_crud_admin" time="0.745" /><testcase classname="backend.tests.test_v2" name="test_menus_create_unauth" time="0.132" /><testcase classname="backend.tests.test_v2" name="test_manager_can_crud_menus" time="1.016" /><testcase classname="backend.tests.test_v2" name="test_staff_list_admin" time="0.150" /><testcase classname="backend.tests.test_v2" name="test_waiter_login_and_me" time="0.848" /><testcase classname="backend.tests.test_v2" name="test_waiter_cannot_create_product" time="0.133" /><testcase classname="backend.tests.test_v2" name="test_waiter_cannot_create_menu" time="0.181" /><testcase classname="backend.tests.test_v2" name="test_waiter_cannot_create_staff" time="0.131" /><testcase classname="backend.tests.test_v2" name="test_manager_can_crud_products" time="0.264" /><testcase classname="backend.tests.test_v2" name="test_manager_cannot_create_staff" time="0.146" /><testcase classname="backend.tests.test_v2" name="test_create_guest_order_open" time="0.406" /><testcase classname="backend.tests.test_v2" name="test_guest_order_blocked_when_closed" time="0.545" /><testcase classname="backend.tests.test_v2" name="test_staff_order_works_when_closed" time="0.613" /><testcase classname="backend.tests.test_v2" name="test_order_status_flow" time="1.028" /><testcase classname="backend.tests.test_v2" name="test_order_cancelled" time="0.442" /><testcase classname="backend.tests.test_v2" name="test_invalid_status" time="0.447" /><testcase classname="backend.tests.test_v2" name="test_orders_list_unauth" time="0.136" /><testcase classname="backend.tests.test_v2" name="test_orders_list_waiter" time="0.130" /><testcase classname="backend.tests.test_v2" name="test_create_order_no_items" time="0.150" /><testcase classname="backend.tests.test_v2" name="test_create_order_table_no_number" time="135.444" /></testsuite></testsuites>