<?xml version="1.0" encoding="utf-8"?><testsuites name="pytest tests"><testsuite name="pytest" errors="0" failures="0" skipped="0" tests="24" time="10.149" timestamp="2026-05-06T19:00:09.933787+00:00" hostname="agent-env-1cb429a2-3440-4041-986e-20bc4a300308"><testcase classname="backend.tests.test_v2" name="test_store_get_public" time="0.205" /><testcase classname="backend.tests.test_v2" name="test_store_update_admin" time="0.597" /><testcase classname="backend.tests.test_v2" name="test_store_update_unauth" time="0.149" /><testcase classname="backend.tests.test_v2" name="test_menus_list_public" time="0.150" /><testcase classname="backend.tests.test_v2" name="test_menus_crud_admin" time="0.816" /><testcase classname="backend.tests.test_v2" name="test_menus_create_unauth" time="0.166" /><testcase classname="backend.tests.test_v2" name="test_manager_can_crud_menus" time="1.068" /><testcase classname="backend.tests.test_v2" name="test_staff_list_admin" time="0.181" /><testcase classname="backend.tests.test_v2" name="test_waiter_login_and_me" time="0.912" /><testcase classname="backend.tests.test_v2" name="test_waiter_cannot_create_product" time="0.257" /><testcase classname="backend.tests.test_v2" name="test_waiter_cannot_create_menu" time="0.137" /><testcase classname="backend.tests.test_v2" name="test_waiter_cannot_create_staff" time="0.159" /><testcase classname="backend.tests.test_v2" name="test_manager_can_crud_products" time="0.324" /><testcase classname="backend.tests.test_v2" name="test_manager_cannot_create_staff" time="0.202" /><testcase classname="backend.tests.test_v2" name="test_create_guest_order_open" time="0.453" /><testcase classname="backend.tests.test_v2" name="test_guest_order_blocked_when_closed" time="0.589" /><testcase classname="backend.tests.test_v2" name="test_staff_order_works_when_closed" time="0.639" /><testcase classname="backend.tests.test_v2" name="test_order_status_flow" time="1.014" /><testcase classname="backend.tests.test_v2" name="test_order_cancelled" time="0.498" /><testcase classname="backend.tests.test_v2" name="test_invalid_status" time="0.442" /><testcase classname="backend.tests.test_v2" name="test_orders_list_unauth" time="0.142" /><testcase classname="backend.tests.test_v2" name="test_orders_list_waiter" time="0.159" /><testcase classname="backend.tests.test_v2" name="test_create_order_no_items" time="0.196" /><testcase classname="backend.tests.test_v2" name="test_create_order_table_no_number" time="0.593" /></testsuite></testsuites>